<?xml version="1.0" encoding="UTF-8"?>
<testsuite name="LinkedListTest" tests="7" skipped="0" failures="0" errors="0" timestamp="2021-05-06T15:44:32" hostname="RAFAEL-PC" time="0.037">
  <properties/>
  <testcase name="createNewLinkedList()" classname="LinkedListTest" time="0.028"/>
  <testcase name="IsEmptyReturnsTrueOnEmptyList()" classname="LinkedListTest" time="0.001"/>
  <testcase name="addAppendsNodeToEndOfList()" classname="LinkedListTest" time="0.001"/>
  <testcase name="MyLinkedListCanUpdateHeadNode()" classname="LinkedListTest" time="0.001"/>
  <testcase name="addLastAppendsNodeToEndOfList()" classname="LinkedListTest" time="0.001"/>
  <testcase name="removeDeletesNodeFromList()" classname="LinkedListTest" time="0.001"/>
  <testcase name="addFirstPrependsNodeToBeginningOfList()" classname="LinkedListTest" time="0.001"/>
  <system-out><![CDATA[]]></system-out>
  <system-err><![CDATA[]]></system-err>
</testsuite>
